2020-02-07 17:19:32 INFO  PluginTasksProjectComponent.projectOpened(77) - ---------- Project opened ----------
2020-02-07 17:19:32 INFO  PluginTasksProjectComponent.projectOpened(78) - ---------- Version 3.37 ----------

2020-02-07 17:19:32 INFO  PluginTasksProjectComponent.setAutoscrolls(366) - Autoscrolls successfully set
2020-02-07 17:19:32 INFO  ApacheHttpClient.isSessionAppropriateWithSecretKey(580) - The session is not set in the property file.
2020-02-07 17:19:33 INFO  ApacheHttpClient.login(246) - Waiting for server response.
2020-02-07 17:19:33 INFO  ApacheHttpClient.login(246) - Waiting for server response.
2020-02-07 17:19:33 INFO  ApacheHttpClient.login(250) - responseCode = 200
2020-02-07 17:19:33 INFO  ApacheHttpClient.login(273) - JSESSIONID OK
2020-02-07 17:19:33 INFO  ApacheHttpClient.refreshUserInfo(301) - responseCode = 200
2020-02-07 17:19:33 INFO  ApacheHttpClient.refreshUserInfo(307) - User information received.
2020-02-07 17:19:33 INFO  ApacheHttpClient.startGA(35) - GAService started.
2020-02-07 17:19:33 INFO  AbstractRestApiClient.startService(71) - EventsService started.
2020-02-07 17:19:42 INFO  ApacheHttpClient.getWebResourceAsStream(493) - responseCode = 200
2020-02-07 17:19:48 WARN  PluginUtil.chooseTasksFolder(445) - No folder selected for the project!
2020-02-07 17:20:11 INFO  ApacheHttpClient.getWebResourceAsStream(493) - responseCode = 200
2020-02-07 17:20:36 INFO  ApacheHttpClient.getWebResourceAsStream(493) - responseCode = 200
2020-02-07 17:20:43 INFO  ApacheHttpClient.getWebResourceAsStream(493) - responseCode = 200
2020-02-07 17:21:11 INFO  ApacheHttpClient.getWebResourceAsStream(493) - responseCode = 200
2020-02-07 17:23:37 INFO  ApacheHttpClient.getWebResourceAsStream(493) - responseCode = 200
2020-02-07 17:23:37 INFO  ApacheHttpClient.getFilteredTasks(332) - responseCode = 200
2020-02-07 17:23:50 INFO  ApacheHttpClient.getFilteredTasks(332) - responseCode = 200
2020-02-07 17:24:41 INFO  ApacheHttpClient.getFilteredTasks(332) - responseCode = 200
2020-02-07 17:24:54 INFO  ApacheHttpClient.getFilteredTasks(332) - responseCode = 200
2020-02-07 17:25:22 INFO  ApacheHttpClient.getTaskTemplateInfo(349) - responseCode = 200
2020-02-07 17:25:23 INFO  ApacheHttpClient.getWebResourceAsStream(493) - responseCode = 200
2020-02-07 17:25:43 INFO  ApacheHttpClient.sendEvent(526) - responseCode = 200
2020-02-07 17:25:57 INFO  ApacheHttpClient.getWebResourceAsStream(493) - responseCode = 200
2020-02-07 17:25:57 INFO  ApacheHttpClient.getFilteredTasks(332) - responseCode = 200
2020-02-07 17:26:33 INFO  ApacheHttpClient.sendEvent(526) - responseCode = 200
2020-02-07 17:27:33 INFO  ApacheHttpClient.sendEvent(526) - responseCode = 200
2020-02-07 17:28:34 INFO  ApacheHttpClient.sendEvent(526) - responseCode = 200
2020-02-07 17:29:33 INFO  ApacheHttpClient.sendEvent(526) - responseCode = 200
2020-02-07 17:30:37 INFO  ApacheHttpClient.sendEvent(526) - responseCode = 200
2020-02-07 17:31:33 INFO  ApacheHttpClient.sendEvent(526) - responseCode = 200
2020-02-07 17:32:33 INFO  ApacheHttpClient.sendEvent(526) - responseCode = 200
2020-02-07 17:33:40 INFO  ApacheHttpClient.sendEvent(526) - responseCode = 200
2020-02-07 17:34:33 INFO  ApacheHttpClient.sendEvent(526) - responseCode = 200
2020-02-07 17:35:33 INFO  ApacheHttpClient.sendEvent(526) - responseCode = 200
2020-02-07 17:36:33 INFO  ApacheHttpClient.sendEvent(526) - responseCode = 200
2020-02-07 17:37:33 INFO  ApacheHttpClient.sendEvent(526) - responseCode = 200
2020-02-07 17:38:33 INFO  ApacheHttpClient.sendEvent(526) - responseCode = 200
2020-02-07 17:39:40 INFO  ApacheHttpClient.sendEvent(526) - responseCode = 200
2020-02-07 17:40:42 INFO  ApacheHttpClient.sendEvent(526) - responseCode = 200
2020-02-07 17:41:33 INFO  ApacheHttpClient.sendEvent(526) - responseCode = 200
2020-02-07 17:42:33 INFO  ApacheHttpClient.sendEvent(526) - responseCode = 200
2020-02-07 17:43:35 INFO  ApacheHttpClient.sendEvent(526) - responseCode = 200
2020-02-07 17:44:33 INFO  ApacheHttpClient.sendEvent(526) - responseCode = 200
2020-02-07 17:45:34 INFO  ApacheHttpClient.sendEvent(526) - responseCode = 200
2020-02-07 17:46:33 INFO  ApacheHttpClient.sendEvent(526) - responseCode = 200
2020-02-07 17:47:33 INFO  ApacheHttpClient.sendEvent(526) - responseCode = 200
2020-02-07 17:48:36 INFO  ApacheHttpClient.sendEvent(526) - responseCode = 200
2020-02-07 17:49:42 INFO  ApacheHttpClient.sendEvent(526) - responseCode = 200
2020-02-07 17:50:33 INFO  ApacheHttpClient.sendEvent(526) - responseCode = 200
2020-02-07 17:51:33 INFO  ApacheHttpClient.sendEvent(526) - responseCode = 200
2020-02-07 17:52:33 INFO  ApacheHttpClient.sendEvent(526) - responseCode = 200
2020-02-07 17:53:38 INFO  ApacheHttpClient.sendEvent(526) - responseCode = 200
2020-02-07 17:54:45 INFO  ApacheHttpClient.sendEvent(526) - responseCode = 200
2020-02-07 17:55:33 INFO  ApacheHttpClient.sendEvent(526) - responseCode = 200
2020-02-07 17:56:33 INFO  ApacheHttpClient.sendEvent(526) - responseCode = 200
2020-02-07 17:57:33 INFO  ApacheHttpClient.sendEvent(526) - responseCode = 200
2020-02-07 17:58:33 INFO  ApacheHttpClient.sendEvent(526) - responseCode = 200
2020-02-07 17:59:33 INFO  ApacheHttpClient.sendEvent(526) - responseCode = 200
2020-02-07 18:00:33 INFO  ApacheHttpClient.sendEvent(526) - responseCode = 200
2020-02-07 18:01:33 INFO  ApacheHttpClient.sendEvent(526) - responseCode = 200
2020-02-07 18:02:33 INFO  ApacheHttpClient.sendEvent(526) - responseCode = 200
2020-02-07 18:03:33 INFO  ApacheHttpClient.sendEvent(526) - responseCode = 200
2020-02-07 18:04:33 INFO  ApacheHttpClient.sendEvent(526) - responseCode = 200
2020-02-07 18:05:33 INFO  ApacheHttpClient.sendEvent(526) - responseCode = 200
2020-02-07 18:06:33 INFO  ApacheHttpClient.sendEvent(526) - responseCode = 200
2020-02-07 18:07:34 INFO  ApacheHttpClient.sendEvent(526) - responseCode = 200
2020-02-07 18:08:33 INFO  ApacheHttpClient.sendEvent(526) - responseCode = 200
2020-02-07 18:09:33 INFO  ApacheHttpClient.sendEvent(526) - responseCode = 200
2020-02-07 18:10:33 INFO  ApacheHttpClient.sendEvent(526) - responseCode = 200
2020-02-07 18:11:33 INFO  ApacheHttpClient.sendEvent(526) - responseCode = 200
2020-02-07 18:12:33 INFO  ApacheHttpClient.sendEvent(526) - responseCode = 200
2020-02-07 18:13:33 INFO  ApacheHttpClient.sendEvent(526) - responseCode = 200
2020-02-07 18:14:33 INFO  ApacheHttpClient.sendEvent(526) - responseCode = 200
2020-02-07 18:15:33 INFO  ApacheHttpClient.sendEvent(526) - responseCode = 200
2020-02-07 18:16:33 INFO  ApacheHttpClient.sendEvent(526) - responseCode = 200
2020-02-07 18:17:33 INFO  ApacheHttpClient.sendEvent(526) - responseCode = 200
2020-02-07 18:18:33 INFO  ApacheHttpClient.sendEvent(526) - responseCode = 200
2020-02-07 18:19:19 INFO  ApacheHttpClient.getWebResourceAsStream(493) - responseCode = 200
2020-02-07 18:19:19 INFO  ApacheHttpClient.getTask(479) - responseCode = 200
2020-02-07 18:19:20 INFO  ApacheHttpClient.getWebResourceAsStream(493) - responseCode = 200
2020-02-07 18:19:22 INFO  ApacheHttpClient.completed(28) - responseCode = 200
2020-02-07 18:19:33 INFO  ApacheHttpClient.sendEvent(526) - responseCode = 200
2020-02-07 18:20:33 INFO  ApacheHttpClient.sendEvent(526) - responseCode = 200
2020-02-07 18:21:33 INFO  ApacheHttpClient.sendEvent(526) - responseCode = 200
2020-02-07 18:22:33 INFO  ApacheHttpClient.sendEvent(526) - responseCode = 200
2020-02-07 18:23:33 INFO  ApacheHttpClient.sendEvent(526) - responseCode = 200
2020-02-07 18:23:44 INFO  ApacheHttpClient.getWebResourceAsStream(493) - responseCode = 200
2020-02-07 18:23:45 INFO  ApacheHttpClient.getTask(479) - responseCode = 200
2020-02-07 18:23:45 INFO  ApacheHttpClient.getWebResourceAsStream(493) - responseCode = 200
2020-02-07 18:23:47 INFO  ApacheHttpClient.completed(28) - responseCode = 200
2020-02-07 18:23:47 INFO  ApacheHttpClient.getTask(479) - responseCode = 200
2020-02-07 18:24:03 INFO  ApacheHttpClient.getWebResourceAsStream(493) - responseCode = 200
2020-02-07 18:24:03 INFO  ApacheHttpClient.getFilteredTasks(332) - responseCode = 200
2020-02-07 18:24:13 INFO  ApacheHttpClient.getTaskTemplateInfo(349) - responseCode = 200
2020-02-07 18:24:13 INFO  ApacheHttpClient.getWebResourceAsStream(493) - responseCode = 200
2020-02-07 18:24:33 INFO  ApacheHttpClient.sendEvent(526) - responseCode = 200
2020-02-07 18:25:33 INFO  ApacheHttpClient.sendEvent(526) - responseCode = 200
2020-02-07 18:26:33 INFO  ApacheHttpClient.sendEvent(526) - responseCode = 200
2020-02-07 18:27:33 INFO  ApacheHttpClient.sendEvent(526) - responseCode = 200
2020-02-07 18:28:33 INFO  ApacheHttpClient.sendEvent(526) - responseCode = 200
2020-02-07 18:29:33 INFO  ApacheHttpClient.sendEvent(526) - responseCode = 200
2020-02-07 18:30:33 INFO  ApacheHttpClient.sendEvent(526) - responseCode = 200
2020-02-07 18:31:33 INFO  ApacheHttpClient.sendEvent(526) - responseCode = 200
2020-02-07 18:31:33 INFO  ApacheHttpClient.sendEvent(526) - responseCode = 200
2020-02-07 18:32:33 INFO  ApacheHttpClient.sendEvent(526) - responseCode = 200
2020-02-07 18:32:33 INFO  ApacheHttpClient.sendEvent(526) - responseCode = 200
2020-02-07 18:33:33 INFO  ApacheHttpClient.sendEvent(526) - responseCode = 200
2020-02-07 18:33:33 INFO  ApacheHttpClient.sendEvent(526) - responseCode = 200
2020-02-07 18:34:33 INFO  ApacheHttpClient.sendEvent(526) - responseCode = 200
2020-02-07 18:34:33 INFO  ApacheHttpClient.sendEvent(526) - responseCode = 200
2020-02-07 18:35:33 INFO  ApacheHttpClient.sendEvent(526) - responseCode = 200
2020-02-07 18:35:33 INFO  ApacheHttpClient.sendEvent(526) - responseCode = 200
2020-02-07 18:36:33 INFO  ApacheHttpClient.sendEvent(526) - responseCode = 200
2020-02-07 18:36:33 INFO  ApacheHttpClient.sendEvent(526) - responseCode = 200
2020-02-07 18:37:33 INFO  ApacheHttpClient.sendEvent(526) - responseCode = 200
2020-02-07 18:37:33 INFO  ApacheHttpClient.sendEvent(526) - responseCode = 200
2020-02-07 18:38:33 INFO  ApacheHttpClient.sendEvent(526) - responseCode = 200
2020-02-07 18:38:33 INFO  ApacheHttpClient.sendEvent(526) - responseCode = 200
2020-02-07 18:39:33 INFO  ApacheHttpClient.sendEvent(526) - responseCode = 200
2020-02-07 18:39:33 INFO  ApacheHttpClient.sendEvent(526) - responseCode = 200
2020-02-07 18:40:33 INFO  ApacheHttpClient.sendEvent(526) - responseCode = 200
2020-02-07 18:40:33 INFO  ApacheHttpClient.sendEvent(526) - responseCode = 200
2020-02-07 18:41:34 INFO  ApacheHttpClient.sendEvent(526) - responseCode = 200
2020-02-07 18:41:34 INFO  ApacheHttpClient.sendEvent(526) - responseCode = 200
2020-02-07 18:42:33 INFO  ApacheHttpClient.sendEvent(526) - responseCode = 200
2020-02-07 18:42:33 INFO  ApacheHttpClient.sendEvent(526) - responseCode = 200
2020-02-07 18:43:33 INFO  ApacheHttpClient.sendEvent(526) - responseCode = 200
2020-02-07 18:43:33 INFO  ApacheHttpClient.sendEvent(526) - responseCode = 200
2020-02-07 18:44:33 INFO  ApacheHttpClient.sendEvent(526) - responseCode = 200
2020-02-07 18:44:33 INFO  ApacheHttpClient.sendEvent(526) - responseCode = 200
2020-02-07 18:45:33 INFO  ApacheHttpClient.sendEvent(526) - responseCode = 200
2020-02-07 18:45:33 INFO  ApacheHttpClient.sendEvent(526) - responseCode = 200
2020-02-07 18:46:33 INFO  ApacheHttpClient.sendEvent(526) - responseCode = 200
2020-02-07 18:46:33 INFO  ApacheHttpClient.sendEvent(526) - responseCode = 200
2020-02-07 18:47:33 INFO  ApacheHttpClient.sendEvent(526) - responseCode = 200
2020-02-07 18:47:33 INFO  ApacheHttpClient.sendEvent(526) - responseCode = 200
2020-02-07 18:48:33 INFO  ApacheHttpClient.sendEvent(526) - responseCode = 200
2020-02-07 18:48:33 INFO  ApacheHttpClient.sendEvent(526) - responseCode = 200
2020-02-07 18:49:33 INFO  ApacheHttpClient.sendEvent(526) - responseCode = 200
2020-02-07 18:49:33 INFO  ApacheHttpClient.sendEvent(526) - responseCode = 200
2020-02-07 18:50:33 INFO  ApacheHttpClient.sendEvent(526) - responseCode = 200
2020-02-07 18:50:33 INFO  ApacheHttpClient.sendEvent(526) - responseCode = 200
2020-02-07 18:51:33 INFO  ApacheHttpClient.sendEvent(526) - responseCode = 200
2020-02-07 18:51:33 INFO  ApacheHttpClient.sendEvent(526) - responseCode = 200
2020-02-07 18:52:33 INFO  ApacheHttpClient.sendEvent(526) - responseCode = 200
2020-02-07 18:52:33 INFO  ApacheHttpClient.sendEvent(526) - responseCode = 200
2020-02-07 18:53:33 INFO  ApacheHttpClient.sendEvent(526) - responseCode = 200
2020-02-07 18:53:33 INFO  ApacheHttpClient.sendEvent(526) - responseCode = 200
2020-02-07 18:54:33 INFO  ApacheHttpClient.sendEvent(526) - responseCode = 200
2020-02-07 18:54:33 INFO  ApacheHttpClient.sendEvent(526) - responseCode = 200
2020-02-07 18:55:33 INFO  ApacheHttpClient.sendEvent(526) - responseCode = 200
2020-02-07 18:55:33 INFO  ApacheHttpClient.sendEvent(526) - responseCode = 200
2020-02-07 18:56:33 INFO  ApacheHttpClient.sendEvent(526) - responseCode = 200
2020-02-07 18:56:33 INFO  ApacheHttpClient.sendEvent(526) - responseCode = 200
2020-02-07 18:57:33 INFO  ApacheHttpClient.sendEvent(526) - responseCode = 200
2020-02-07 18:57:33 INFO  ApacheHttpClient.sendEvent(526) - responseCode = 200
2020-02-07 18:58:33 INFO  ApacheHttpClient.sendEvent(526) - responseCode = 200
2020-02-07 18:58:33 INFO  ApacheHttpClient.sendEvent(526) - responseCode = 200
2020-02-07 18:59:34 INFO  ApacheHttpClient.sendEvent(526) - responseCode = 200
2020-02-07 18:59:35 INFO  ApacheHttpClient.sendEvent(526) - responseCode = 200
2020-02-07 19:00:33 INFO  ApacheHttpClient.sendEvent(526) - responseCode = 200
2020-02-07 19:00:33 INFO  ApacheHttpClient.sendEvent(526) - responseCode = 200
2020-02-07 19:01:33 INFO  ApacheHttpClient.sendEvent(526) - responseCode = 200
2020-02-07 19:01:33 INFO  ApacheHttpClient.sendEvent(526) - responseCode = 200
2020-02-07 19:02:33 INFO  ApacheHttpClient.sendEvent(526) - responseCode = 200
2020-02-07 19:02:33 INFO  ApacheHttpClient.sendEvent(526) - responseCode = 200
2020-02-07 19:03:33 INFO  ApacheHttpClient.sendEvent(526) - responseCode = 200
2020-02-07 19:03:33 INFO  ApacheHttpClient.sendEvent(526) - responseCode = 200
2020-02-07 19:04:33 INFO  ApacheHttpClient.sendEvent(526) - responseCode = 200
2020-02-07 19:04:33 INFO  ApacheHttpClient.sendEvent(526) - responseCode = 200
2020-02-07 19:05:33 INFO  ApacheHttpClient.sendEvent(526) - responseCode = 200
2020-02-07 19:06:33 INFO  ApacheHttpClient.sendEvent(526) - responseCode = 200
2020-02-07 19:07:33 INFO  ApacheHttpClient.sendEvent(526) - responseCode = 200
2020-02-07 19:08:33 INFO  ApacheHttpClient.sendEvent(526) - responseCode = 200
2020-02-07 19:09:07 INFO  ApacheHttpClient.getWebResourceAsStream(493) - responseCode = 200
2020-02-07 19:09:07 INFO  ApacheHttpClient.getTask(479) - responseCode = 200
2020-02-07 19:09:07 INFO  ApacheHttpClient.getWebResourceAsStream(493) - responseCode = 200
2020-02-07 19:09:09 INFO  ApacheHttpClient.completed(28) - responseCode = 200
2020-02-07 19:09:09 INFO  ApacheHttpClient.getTask(479) - responseCode = 200
2020-02-07 19:09:19 INFO  ApacheHttpClient.getWebResourceAsStream(493) - responseCode = 200
2020-02-07 19:09:19 INFO  ApacheHttpClient.getFilteredTasks(332) - responseCode = 200
2020-02-07 19:09:33 INFO  ApacheHttpClient.sendEvent(526) - responseCode = 200
2020-02-07 19:10:33 INFO  ApacheHttpClient.sendEvent(526) - responseCode = 200
2020-02-07 19:10:44 INFO  ApacheHttpClient.getWebResourceAsStream(493) - responseCode = 200
2020-02-07 19:10:44 INFO  ApacheHttpClient.getFilteredTasks(332) - responseCode = 200
2020-02-07 19:10:48 INFO  ApacheHttpClient.getFilteredTasks(332) - responseCode = 200
2020-02-07 19:10:54 INFO  ApacheHttpClient.getFilteredTasks(332) - responseCode = 200
2020-02-07 19:11:00 INFO  ApacheHttpClient.getWebResourceAsStream(493) - responseCode = 200
2020-02-07 19:11:00 INFO  ApacheHttpClient.getWebResourceAsStream(493) - responseCode = 200
2020-02-07 19:11:00 INFO  ApacheHttpClient.getTaskTemplateInfo(349) - responseCode = 200
2020-02-07 19:11:01 INFO  ApacheHttpClient.getWebResourceAsStream(493) - responseCode = 200
2020-02-07 19:11:33 INFO  ApacheHttpClient.sendEvent(526) - responseCode = 200
2020-02-07 19:12:33 INFO  ApacheHttpClient.sendEvent(526) - responseCode = 200
2020-02-07 19:13:33 INFO  ApacheHttpClient.sendEvent(526) - responseCode = 200
2020-02-07 19:14:33 INFO  ApacheHttpClient.sendEvent(526) - responseCode = 200
2020-02-07 19:15:33 INFO  ApacheHttpClient.sendEvent(526) - responseCode = 200
2020-02-07 19:16:33 INFO  ApacheHttpClient.sendEvent(526) - responseCode = 200
2020-02-07 19:17:33 INFO  ApacheHttpClient.sendEvent(526) - responseCode = 200
2020-02-07 19:18:33 INFO  ApacheHttpClient.sendEvent(526) - responseCode = 200
2020-02-07 19:19:33 INFO  ApacheHttpClient.sendEvent(526) - responseCode = 200
2020-02-07 19:20:33 INFO  ApacheHttpClient.sendEvent(526) - responseCode = 200
2020-02-07 19:21:33 INFO  ApacheHttpClient.sendEvent(526) - responseCode = 200
2020-02-07 19:22:33 INFO  ApacheHttpClient.sendEvent(526) - responseCode = 200
2020-02-07 19:23:33 INFO  ApacheHttpClient.sendEvent(526) - responseCode = 200
2020-02-07 19:24:33 INFO  ApacheHttpClient.sendEvent(526) - responseCode = 200
2020-02-07 19:25:33 INFO  ApacheHttpClient.sendEvent(526) - responseCode = 200
2020-02-07 19:26:33 INFO  ApacheHttpClient.sendEvent(526) - responseCode = 200
2020-02-07 19:27:33 INFO  ApacheHttpClient.sendEvent(526) - responseCode = 200
2020-02-07 19:28:33 INFO  ApacheHttpClient.sendEvent(526) - responseCode = 200
2020-02-07 19:29:33 INFO  ApacheHttpClient.sendEvent(526) - responseCode = 200
2020-02-07 19:30:33 INFO  ApacheHttpClient.sendEvent(526) - responseCode = 200
2020-02-07 19:31:33 INFO  ApacheHttpClient.sendEvent(526) - responseCode = 200
2020-02-07 19:32:33 INFO  ApacheHttpClient.sendEvent(526) - responseCode = 200
2020-02-07 19:33:33 INFO  ApacheHttpClient.sendEvent(526) - responseCode = 200
2020-02-07 19:34:33 INFO  ApacheHttpClient.sendEvent(526) - responseCode = 200
2020-02-07 19:35:33 INFO  ApacheHttpClient.sendEvent(526) - responseCode = 200
2020-02-07 19:36:33 INFO  ApacheHttpClient.sendEvent(526) - responseCode = 200
2020-02-07 19:37:33 INFO  ApacheHttpClient.sendEvent(526) - responseCode = 200
2020-02-07 19:38:33 INFO  ApacheHttpClient.sendEvent(526) - responseCode = 200
2020-02-07 19:39:33 INFO  ApacheHttpClient.sendEvent(526) - responseCode = 200
2020-02-07 19:40:33 INFO  ApacheHttpClient.sendEvent(526) - responseCode = 200
2020-02-07 19:40:52 INFO  PluginTasksProjectComponent.projectClosing(188) - ---------- Project closed ----------

2020-02-07 19:40:52 INFO  ApacheHttpClient.getTask(479) - responseCode = 200
2020-02-07 19:40:52 INFO  ApacheHttpClient.getTask(479) - responseCode = 200
2020-02-07 19:40:52 INFO  ApacheHttpClient.getTask(479) - responseCode = 200
2020-02-07 19:50:38 INFO  PluginTasksProjectComponent.projectOpened(77) - ---------- Project opened ----------
2020-02-07 19:50:38 INFO  PluginTasksProjectComponent.projectOpened(78) - ---------- Version 3.37 ----------

2020-02-07 19:50:38 INFO  PluginTasksProjectComponent.setAutoscrolls(366) - Autoscrolls successfully set
2020-02-07 19:50:39 INFO  ApacheHttpClient.createAsyncHttpClient(143) - 1 proxies selected. Type: DIRECT
2020-02-07 19:50:39 INFO  ApacheHttpClient.<init>(94) - ApacheHttpClient was successfully instantiated.
2020-02-07 19:50:40 INFO  ApacheHttpClient.testConnection(201) - responseCode = 200
2020-02-07 19:50:40 INFO  ApacheHttpClient.testConnection(216) - result = true
2020-02-07 19:50:40 INFO  ApacheHttpClient.isSessionAppropriateWithSecretKey(593) - Waiting for server response.
2020-02-07 19:50:41 INFO  ApacheHttpClient.refreshUserInfo(301) - responseCode = 200
2020-02-07 19:50:41 INFO  ApacheHttpClient.refreshUserInfo(307) - User information received.
2020-02-07 19:50:41 INFO  ApacheHttpClient.startGA(35) - GAService started.
2020-02-07 19:50:41 INFO  AbstractRestApiClient.startService(71) - EventsService started.
2020-02-07 19:50:50 INFO  ApacheHttpClient.getWebResourceAsStream(493) - responseCode = 200
2020-02-07 19:51:41 INFO  ApacheHttpClient.sendEvent(526) - responseCode = 200
2020-02-07 19:52:41 INFO  ApacheHttpClient.sendEvent(526) - responseCode = 200
2020-02-07 19:53:41 INFO  ApacheHttpClient.sendEvent(526) - responseCode = 200
2020-02-07 19:54:41 INFO  ApacheHttpClient.sendEvent(526) - responseCode = 200
2020-02-07 21:05:31 ERROR ApacheHttpClient.processExceptionSendEvent(109) - (super) : Error while sending the event to the server.
2020-02-07 21:05:31 ERROR ApacheHttpClient.processExceptionSendEvent(109) - (super) : Error while sending the event to the server.
2020-02-07 21:05:31 ERROR ApacheHttpClient.processExceptionSendEvent(109) - (super) : Error while sending the event to the server.
2020-02-07 21:05:31 ERROR ApacheHttpClient.processExceptionSendEvent(109) - (super) : Error while sending the event to the server.
2020-02-07 21:05:31 ERROR ApacheHttpClient.processExceptionSendEvent(109) - (super) : Error while sending the event to the server.
2020-02-07 21:05:31 ERROR ApacheHttpClient.processExceptionSendEvent(109) - (super) : Error while sending the event to the server.
2020-02-07 21:05:31 ERROR ApacheHttpClient.processExceptionSendEvent(109) - (super) : Error while sending the event to the server.
2020-02-07 21:05:31 ERROR ApacheHttpClient.processExceptionSendEvent(109) - (super) : Error while sending the event to the server.
2020-02-07 21:05:31 ERROR ApacheHttpClient.processExceptionSendEvent(109) - (super) : Error while sending the event to the server.
2020-02-07 21:05:31 ERROR ApacheHttpClient.processExceptionSendEvent(109) - (super) : Error while sending the event to the server.
2020-02-07 21:05:31 ERROR ApacheHttpClient.processExceptionSendEvent(109) - (super) : Error while sending the event to the server.
2020-02-07 21:05:31 ERROR ApacheHttpClient.processExceptionSendEvent(109) - (super) : Error while sending the event to the server.
2020-02-07 21:05:31 ERROR ApacheHttpClient.processExceptionSendEvent(109) - (super) : Error while sending the event to the server.
2020-02-07 21:05:31 ERROR ApacheHttpClient.processExceptionSendEvent(109) - (super) : Error while sending the event to the server.
2020-02-07 21:05:31 ERROR ApacheHttpClient.processExceptionSendEvent(109) - (super) : Error while sending the event to the server.
2020-02-07 21:05:32 ERROR ApacheHttpClient.processExceptionSendEvent(109) - (super) : Error while sending the event to the server.
2020-02-07 21:05:32 ERROR ApacheHttpClient.processExceptionSendEvent(109) - (super) : Error while sending the event to the server.
2020-02-07 21:05:32 ERROR ApacheHttpClient.processExceptionSendEvent(109) - (super) : Error while sending the event to the server.
2020-02-07 21:05:32 ERROR ApacheHttpClient.processExceptionSendEvent(109) - (super) : Error while sending the event to the server.
2020-02-07 21:05:32 ERROR ApacheHttpClient.processExceptionSendEvent(109) - (super) : Error while sending the event to the server.
2020-02-07 21:05:32 ERROR ApacheHttpClient.processExceptionSendEvent(109) - (super) : Error while sending the event to the server.
2020-02-07 21:05:32 ERROR ApacheHttpClient.processExceptionSendEvent(109) - (super) : Error while sending the event to the server.
2020-02-07 21:05:32 ERROR ApacheHttpClient.processExceptionSendEvent(109) - (super) : Error while sending the event to the server.
2020-02-07 21:05:32 ERROR ApacheHttpClient.processExceptionSendEvent(109) - (super) : Error while sending the event to the server.
2020-02-07 21:05:32 ERROR ApacheHttpClient.processExceptionSendEvent(109) - (super) : Error while sending the event to the server.
2020-02-07 21:05:32 ERROR ApacheHttpClient.processExceptionSendEvent(109) - (super) : Error while sending the event to the server.
2020-02-07 21:05:32 ERROR ApacheHttpClient.processExceptionSendEvent(109) - (super) : Error while sending the event to the server.
2020-02-07 21:05:32 ERROR ApacheHttpClient.processExceptionSendEvent(109) - (super) : Error while sending the event to the server.
2020-02-07 21:05:32 ERROR ApacheHttpClient.processExceptionSendEvent(109) - (super) : Error while sending the event to the server.
2020-02-07 21:05:32 ERROR ApacheHttpClient.processExceptionSendEvent(109) - (super) : Error while sending the event to the server.
2020-02-07 21:05:32 ERROR ApacheHttpClient.processExceptionSendEvent(109) - (super) : Error while sending the event to the server.
2020-02-07 21:05:32 ERROR ApacheHttpClient.processExceptionSendEvent(109) - (super) : Error while sending the event to the server.
2020-02-07 21:05:32 ERROR ApacheHttpClient.processExceptionSendEvent(109) - (super) : Error while sending the event to the server.
2020-02-07 21:05:32 ERROR ApacheHttpClient.processExceptionSendEvent(109) - (super) : Error while sending the event to the server.
2020-02-07 21:05:32 ERROR ApacheHttpClient.processExceptionSendEvent(109) - (super) : Error while sending the event to the server.
2020-02-07 21:05:32 ERROR ApacheHttpClient.processExceptionSendEvent(109) - (super) : Error while sending the event to the server.
2020-02-07 21:05:32 ERROR ApacheHttpClient.processExceptionSendEvent(109) - (super) : Error while sending the event to the server.
2020-02-07 21:05:32 ERROR ApacheHttpClient.processExceptionSendEvent(109) - (super) : Error while sending the event to the server.
2020-02-07 21:05:32 ERROR ApacheHttpClient.processExceptionSendEvent(109) - (super) : Error while sending the event to the server.
2020-02-07 21:05:32 ERROR ApacheHttpClient.processExceptionSendEvent(109) - (super) : Error while sending the event to the server.
2020-02-07 21:05:32 ERROR ApacheHttpClient.processExceptionSendEvent(109) - (super) : Error while sending the event to the server.
2020-02-07 21:05:32 ERROR ApacheHttpClient.processExceptionSendEvent(109) - (super) : Error while sending the event to the server.
2020-02-07 21:05:32 ERROR ApacheHttpClient.processExceptionSendEvent(109) - (super) : Error while sending the event to the server.
2020-02-07 21:05:32 ERROR ApacheHttpClient.processExceptionSendEvent(109) - (super) : Error while sending the event to the server.
2020-02-07 21:05:32 ERROR ApacheHttpClient.processExceptionSendEvent(109) - (super) : Error while sending the event to the server.
2020-02-07 21:05:32 ERROR ApacheHttpClient.processExceptionSendEvent(109) - (super) : Error while sending the event to the server.
2020-02-07 21:05:32 ERROR ApacheHttpClient.processExceptionSendEvent(109) - (super) : Error while sending the event to the server.
2020-02-07 21:05:32 ERROR ApacheHttpClient.processExceptionSendEvent(109) - (super) : Error while sending the event to the server.
2020-02-07 21:05:33 ERROR ApacheHttpClient.processExceptionSendEvent(109) - (super) : Error while sending the event to the server.
2020-02-07 21:05:33 ERROR ApacheHttpClient.processExceptionSendEvent(109) - (super) : Error while sending the event to the server.
2020-02-07 21:05:33 ERROR ApacheHttpClient.processExceptionSendEvent(109) - (super) : Error while sending the event to the server.
2020-02-07 21:05:33 ERROR ApacheHttpClient.processExceptionSendEvent(109) - (super) : Error while sending the event to the server.
2020-02-07 21:05:33 ERROR ApacheHttpClient.processExceptionSendEvent(109) - (super) : Error while sending the event to the server.
2020-02-07 21:05:33 ERROR ApacheHttpClient.processExceptionSendEvent(109) - (super) : Error while sending the event to the server.
2020-02-07 21:05:33 ERROR ApacheHttpClient.processExceptionSendEvent(109) - (super) : Error while sending the event to the server.
2020-02-07 21:05:33 ERROR ApacheHttpClient.processExceptionSendEvent(109) - (super) : Error while sending the event to the server.
2020-02-07 21:05:33 ERROR ApacheHttpClient.processExceptionSendEvent(109) - (super) : Error while sending the event to the server.
2020-02-07 21:05:33 ERROR ApacheHttpClient.processExceptionSendEvent(109) - (super) : Error while sending the event to the server.
2020-02-07 21:05:33 ERROR ApacheHttpClient.processExceptionSendEvent(109) - (super) : Error while sending the event to the server.
2020-02-07 21:05:33 ERROR ApacheHttpClient.processExceptionSendEvent(109) - (super) : Error while sending the event to the server.
2020-02-07 21:05:33 ERROR ApacheHttpClient.processExceptionSendEvent(109) - (super) : Error while sending the event to the server.
2020-02-07 21:05:33 ERROR ApacheHttpClient.processExceptionSendEvent(109) - (super) : Error while sending the event to the server.
2020-02-07 21:05:33 ERROR ApacheHttpClient.processExceptionSendEvent(109) - (super) : Error while sending the event to the server.
2020-02-07 21:05:33 ERROR ApacheHttpClient.processExceptionSendEvent(109) - (super) : Error while sending the event to the server.
2020-02-07 21:05:33 ERROR ApacheHttpClient.processExceptionSendEvent(109) - (super) : Error while sending the event to the server.
2020-02-07 21:05:33 ERROR ApacheHttpClient.processExceptionSendEvent(109) - (super) : Error while sending the event to the server.
2020-02-07 21:05:33 ERROR ApacheHttpClient.processExceptionSendEvent(109) - (super) : Error while sending the event to the server.
2020-02-07 21:05:33 ERROR ApacheHttpClient.processExceptionSendEvent(109) - (super) : Error while sending the event to the server.
2020-02-07 21:05:34 ERROR ApacheHttpClient.processExceptionSendEvent(109) - (super) : Error while sending the event to the server.
2020-02-07 21:05:34 ERROR ApacheHttpClient.processExceptionSendEvent(109) - (super) : Error while sending the event to the server.
2020-02-07 21:05:36 ERROR ApacheHttpClient.processExceptionSendEvent(109) - (super) : Error while sending the event to the server.
2020-02-07 21:06:36 INFO  ApacheHttpClient.sendEvent(526) - responseCode = 200
2020-02-07 21:07:36 INFO  ApacheHttpClient.sendEvent(526) - responseCode = 200
2020-02-07 21:08:36 INFO  ApacheHttpClient.sendEvent(526) - responseCode = 200
2020-02-07 21:09:36 INFO  ApacheHttpClient.sendEvent(526) - responseCode = 200
2020-02-07 21:10:36 INFO  ApacheHttpClient.sendEvent(526) - responseCode = 200
2020-02-07 21:11:36 INFO  ApacheHttpClient.sendEvent(526) - responseCode = 200
2020-02-07 21:12:37 INFO  ApacheHttpClient.sendEvent(526) - responseCode = 200
2020-02-07 21:13:36 INFO  ApacheHttpClient.sendEvent(526) - responseCode = 200
2020-02-07 21:14:36 INFO  ApacheHttpClient.sendEvent(526) - responseCode = 200
2020-02-07 21:15:36 INFO  ApacheHttpClient.sendEvent(526) - responseCode = 200
2020-02-07 21:16:36 INFO  ApacheHttpClient.sendEvent(526) - responseCode = 200
2020-02-07 21:17:36 INFO  ApacheHttpClient.sendEvent(526) - responseCode = 200
2020-02-07 21:18:36 INFO  ApacheHttpClient.sendEvent(526) - responseCode = 200
2020-02-07 21:19:36 INFO  ApacheHttpClient.sendEvent(526) - responseCode = 200
2020-02-07 21:20:36 INFO  ApacheHttpClient.sendEvent(526) - responseCode = 200
2020-02-07 21:21:36 INFO  ApacheHttpClient.sendEvent(526) - responseCode = 200
2020-02-07 21:22:36 INFO  ApacheHttpClient.sendEvent(526) - responseCode = 200
2020-02-07 21:23:14 INFO  PluginTasksProjectComponent.projectClosing(188) - ---------- Project closed ----------

2020-02-07 21:23:14 INFO  ApacheHttpClient.getTask(479) - responseCode = 200
2020-02-07 21:36:52 INFO  PluginTasksProjectComponent.projectOpened(77) - ---------- Project opened ----------
2020-02-07 21:36:52 INFO  PluginTasksProjectComponent.projectOpened(78) - ---------- Version 3.37 ----------

2020-02-07 21:36:52 INFO  ApacheHttpClient.createAsyncHttpClient(143) - 1 proxies selected. Type: DIRECT
2020-02-07 21:36:52 INFO  ApacheHttpClient.<init>(94) - ApacheHttpClient was successfully instantiated.
2020-02-07 21:36:53 INFO  ApacheHttpClient.testConnection(201) - responseCode = 200
2020-02-07 21:36:53 INFO  ApacheHttpClient.testConnection(216) - result = true
2020-02-07 21:36:53 INFO  ApacheHttpClient.isSessionAppropriateWithSecretKey(593) - Waiting for server response.
2020-02-07 21:36:54 INFO  ApacheHttpClient.refreshUserInfo(301) - responseCode = 200
2020-02-07 21:36:54 INFO  ApacheHttpClient.refreshUserInfo(307) - User information received.
2020-02-07 21:36:54 INFO  ApacheHttpClient.startGA(35) - GAService started.
2020-02-07 21:36:54 INFO  AbstractRestApiClient.startService(71) - EventsService started.
2020-02-07 21:36:59 INFO  ApacheHttpClient.getWebResourceAsStream(493) - responseCode = 200
2020-02-07 21:37:54 INFO  ApacheHttpClient.sendEvent(526) - responseCode = 200
2020-02-07 21:38:54 INFO  ApacheHttpClient.sendEvent(526) - responseCode = 200
2020-02-07 21:39:03 INFO  ApacheHttpClient.getWebResourceAsStream(493) - responseCode = 200
2020-02-07 21:39:27 INFO  ApacheHttpClient.getWebResourceAsStream(493) - responseCode = 200
2020-02-07 21:39:27 INFO  ApacheHttpClient.getFilteredTasks(332) - responseCode = 200
2020-02-07 21:39:33 INFO  ApacheHttpClient.getFilteredTasks(332) - responseCode = 200
2020-02-07 21:39:40 INFO  ApacheHttpClient.getFilteredTasks(332) - responseCode = 200
2020-02-07 21:39:51 INFO  ApacheHttpClient.getTaskTemplateInfo(349) - responseCode = 200
2020-02-07 21:39:54 INFO  ApacheHttpClient.getWebResourceAsStream(493) - responseCode = 200
2020-02-07 21:39:54 INFO  ApacheHttpClient.sendEvent(526) - responseCode = 200
2020-02-07 21:40:54 INFO  ApacheHttpClient.sendEvent(526) - responseCode = 200
2020-02-07 21:41:54 INFO  ApacheHttpClient.sendEvent(526) - responseCode = 200
2020-02-07 21:42:54 INFO  ApacheHttpClient.sendEvent(526) - responseCode = 200
2020-02-07 21:43:54 INFO  ApacheHttpClient.sendEvent(526) - responseCode = 200
2020-02-07 21:44:34 INFO  ApacheHttpClient.getWebResourceAsStream(493) - responseCode = 200
2020-02-07 21:44:34 INFO  ApacheHttpClient.getWebResourceAsStream(493) - responseCode = 200
2020-02-07 21:44:34 INFO  ApacheHttpClient.getTask(479) - responseCode = 200
2020-02-07 21:44:36 INFO  ApacheHttpClient.completed(28) - responseCode = 200
2020-02-07 21:44:36 INFO  ApacheHttpClient.getTask(479) - responseCode = 200
2020-02-07 21:44:53 INFO  ApacheHttpClient.getWebResourceAsStream(493) - responseCode = 200
2020-02-07 21:44:53 INFO  ApacheHttpClient.getFilteredTasks(332) - responseCode = 200
2020-02-07 21:44:54 INFO  ApacheHttpClient.sendEvent(526) - responseCode = 200
2020-02-07 21:45:02 INFO  ApacheHttpClient.getTaskTemplateInfo(349) - responseCode = 200
2020-02-07 21:45:03 INFO  ApacheHttpClient.getWebResourceAsStream(493) - responseCode = 200
2020-02-07 21:45:54 INFO  ApacheHttpClient.sendEvent(526) - responseCode = 200
2020-02-07 21:46:54 INFO  ApacheHttpClient.sendEvent(526) - responseCode = 200
2020-02-07 21:47:54 INFO  ApacheHttpClient.sendEvent(526) - responseCode = 200
2020-02-07 21:48:52 INFO  ApacheHttpClient.getWebResourceAsStream(493) - responseCode = 200
2020-02-07 21:48:52 INFO  ApacheHttpClient.getWebResourceAsStream(493) - responseCode = 200
2020-02-07 21:48:52 INFO  ApacheHttpClient.getTask(479) - responseCode = 200
2020-02-07 21:48:53 INFO  ApacheHttpClient.completed(28) - responseCode = 200
2020-02-07 21:48:53 INFO  ApacheHttpClient.getTask(479) - responseCode = 200
2020-02-07 21:48:54 INFO  ApacheHttpClient.sendEvent(526) - responseCode = 200
2020-02-07 21:49:54 INFO  ApacheHttpClient.sendEvent(526) - responseCode = 200
2020-02-07 21:50:04 INFO  ApacheHttpClient.getWebResourceAsStream(493) - responseCode = 200
2020-02-07 21:50:04 INFO  ApacheHttpClient.getFilteredTasks(332) - responseCode = 200
2020-02-07 21:50:13 INFO  ApacheHttpClient.getTaskTemplateInfo(349) - responseCode = 200
2020-02-07 21:50:15 INFO  ApacheHttpClient.getWebResourceAsStream(493) - responseCode = 200
2020-02-07 21:50:54 INFO  ApacheHttpClient.sendEvent(526) - responseCode = 200
2020-02-07 21:51:54 INFO  ApacheHttpClient.sendEvent(526) - responseCode = 200
2020-02-07 21:52:54 INFO  ApacheHttpClient.sendEvent(526) - responseCode = 200
2020-02-07 21:53:54 INFO  ApacheHttpClient.sendEvent(526) - responseCode = 200
2020-02-07 21:54:54 INFO  ApacheHttpClient.sendEvent(526) - responseCode = 200
2020-02-07 21:55:54 INFO  ApacheHttpClient.sendEvent(526) - responseCode = 200
2020-02-07 21:56:02 INFO  ApacheHttpClient.getWebResourceAsStream(493) - responseCode = 200
2020-02-07 21:56:05 INFO  ApacheHttpClient.getTask(479) - responseCode = 200
2020-02-07 21:56:05 INFO  ApacheHttpClient.getWebResourceAsStream(493) - responseCode = 200
2020-02-07 21:56:08 INFO  ApacheHttpClient.completed(28) - responseCode = 200
2020-02-07 21:56:08 INFO  ApacheHttpClient.getTask(479) - responseCode = 200
2020-02-07 21:56:54 INFO  ApacheHttpClient.sendEvent(526) - responseCode = 200
